Build started 18.4.2016 г. 21:28:27 ч..
     1>Project "C:\Users\GEORGI\Documents\Visual Studio 2015\Projects\OOP_AirPortInformation\OOP_AirPortInformation\OOP_AirPortInformation.vcxproj" on node 2 (Build target(s)).
     1>ClCompile:
         C:\Program Files (x86)\Microsoft Visual Studio 14.0\VC\bin\CL.exe /c /ZI /nologo /W3 /WX- /sdl /Od /Oy- /D WIN32 /D _DEBUG /D _CONSOLE /D _UNICODE /D UNICODE /Gm /EHsc /RTC1 /MDd /GS /fp:precise /Zc:wchar_t /Zc:forScope /Zc:inline /Fo"Debug\\" /Fd"Debug\vc140.pdb" /Gd /TP /analyze- /errorReport:prompt FlightData.cpp Main.cpp Users.cpp
         Users.cpp
     1>c:\users\georgi\documents\visual studio 2015\projects\oop_airportinformation\oop_airportinformation\flightinfo.h(13): warning C4244: '=': conversion from 'double' to 'int', possible loss of data
     1>c:\users\georgi\documents\visual studio 2015\projects\oop_airportinformation\oop_airportinformation\users.cpp(34): warning C4018: '<': signed/unsigned mismatch
     1>c:\users\georgi\documents\visual studio 2015\projects\oop_airportinformation\oop_airportinformation\users.cpp(37): warning C4018: '<': signed/unsigned mismatch
         Main.cpp
     1>c:\users\georgi\documents\visual studio 2015\projects\oop_airportinformation\oop_airportinformation\flightinfo.h(13): warning C4244: '=': conversion from 'double' to 'int', possible loss of data
     1>c:\users\georgi\documents\visual studio 2015\projects\oop_airportinformation\oop_airportinformation\main.cpp(114): warning C4018: '<': signed/unsigned mismatch
     1>c:\users\georgi\documents\visual studio 2015\projects\oop_airportinformation\oop_airportinformation\main.cpp(116): warning C4018: '<': signed/unsigned mismatch
         FlightData.cpp
     1>c:\users\georgi\documents\visual studio 2015\projects\oop_airportinformation\oop_airportinformation\flightinfo.h(13): warning C4244: '=': conversion from 'double' to 'int', possible loss of data
     1>c:\users\georgi\documents\visual studio 2015\projects\oop_airportinformation\oop_airportinformation\flightdata.cpp(112): warning C4018: '<': signed/unsigned mismatch
     1>c:\users\georgi\documents\visual studio 2015\projects\oop_airportinformation\oop_airportinformation\flightdata.cpp(115): warning C4018: '<': signed/unsigned mismatch
     1>c:\users\georgi\documents\visual studio 2015\projects\oop_airportinformation\oop_airportinformation\flightdata.cpp(173): warning C4018: '<': signed/unsigned mismatch
     1>c:\users\georgi\documents\visual studio 2015\projects\oop_airportinformation\oop_airportinformation\flightdata.cpp(204): warning C4018: '<': signed/unsigned mismatch
     1>c:\users\georgi\documents\visual studio 2015\projects\oop_airportinformation\oop_airportinformation\flightdata.cpp(265): warning C4018: '<': signed/unsigned mismatch
     1>c:\users\georgi\documents\visual studio 2015\projects\oop_airportinformation\oop_airportinformation\flightdata.cpp(285): warning C4018: '<': signed/unsigned mismatch
         Generating Code...
       Link:
         C:\Program Files (x86)\Microsoft Visual Studio 14.0\VC\bin\link.exe /ERRORREPORT:PROMPT /OUT:"C:\Users\GEORGI\Documents\Visual Studio 2015\Projects\OOP_AirPortInformation\Debug\OOP_AirPortInformation.exe" /INCREMENTAL /NOLOGO kernel32.lib user32.lib gdi32.lib winspool.lib comdlg32.lib advapi32.lib shell32.lib ole32.lib oleaut32.lib uuid.lib odbc32.lib odbccp32.lib /MANIFEST /MANIFESTUAC:"level='asInvoker' uiAccess='false'" /manifest:embed /Debug /PDB:"C:\Users\GEORGI\Documents\Visual Studio 2015\Projects\OOP_AirPortInformation\Debug\OOP_AirPortInformation.pdb" /SUBSYSTEM:CONSOLE /TLBID:1 /DYNAMICBASE /NXCOMPAT /IMPLIB:"C:\Users\GEORGI\Documents\Visual Studio 2015\Projects\OOP_AirPortInformation\Debug\OOP_AirPortInformation.lib" /MACHINE:X86 Debug\AdjacencyMatrixcpp.obj
         Debug\FlightData.obj
         Debug\FlightInfo.obj
         Debug\Main.obj
         Debug\UserRequest.obj
         Debug\Users.obj
         OOP_AirPortInformation.vcxproj -> C:\Users\GEORGI\Documents\Visual Studio 2015\Projects\OOP_AirPortInformation\Debug\OOP_AirPortInformation.exe
     1>Done Building Project "C:\Users\GEORGI\Documents\Visual Studio 2015\Projects\OOP_AirPortInformation\OOP_AirPortInformation\OOP_AirPortInformation.vcxproj" (Build target(s)).

Build succeeded.

Time Elapsed 00:00:04.12
